N-BODY SIMULATION PERFORMANCE COMPARISON
============================================================

[1/2] Running NESTED LOOPS version...

N-Body Simulation [nested_loops]: 1000 particles, 1000 steps
Initial energy: 7.312448e+30 J

Step    0: Energy = 7.312448e+30 J | Time = 15.57s
Step  100: Energy = 7.312448e+30 J | Time = 1525.76s
Step  200: Energy = 7.312448e+30 J | Time = 3041.34s
Step  300: Energy = 7.312448e+30 J | Time = 4527.22s
Step  400: Energy = 7.312448e+30 J | Time = 6005.50s
Step  500: Energy = 7.312448e+30 J | Time = 7467.43s
Step  600: Energy = 7.312448e+30 J | Time = 8929.99s
Step  700: Energy = 7.312448e+30 J | Time = 10390.29s
Step  800: Energy = 7.312448e+30 J | Time = 11851.28s
Step  900: Energy = 7.312448e+30 J | Time = 13313.52s

Simulation complete!
Total time: 14762.007 seconds
Time per step: 14.762007 seconds
Final energy: 7.312448e+30 J
Performance: 6.767e+04 interactions/second

[2/2] Running VECTORIZED version...

N-Body Simulation [vectorized]: 1000 particles, 1000 steps
Initial energy: 7.312448e+30 J

Step    0: Energy = 7.312448e+30 J | Time = 0.10s
Step  100: Energy = 7.312448e+30 J | Time = 10.41s
Step  200: Energy = 7.312448e+30 J | Time = 20.68s
Step  300: Energy = 7.312448e+30 J | Time = 30.96s
Step  400: Energy = 7.312448e+30 J | Time = 41.21s
Step  500: Energy = 7.312448e+30 J | Time = 51.47s
Step  600: Energy = 7.312448e+30 J | Time = 61.81s
Step  700: Energy = 7.312448e+30 J | Time = 72.13s
Step  800: Energy = 7.312448e+30 J | Time = 82.40s
Step  900: Energy = 7.312448e+30 J | Time = 92.64s

Simulation complete!
Total time: 102.781 seconds
Time per step: 0.102781 seconds
Final energy: 7.312448e+30 J
Performance: 9.720e+06 interactions/second

Performance data saved to performance_data.csv

=== Performance Summary ===
nested_loops_compute_forces: avg=14761.918ms, total=14761918.078ms
nested_loops_update_velocities: avg=0.029ms, total=29.377ms
nested_loops_update_positions: avg=0.013ms, total=12.981ms
vectorized_compute_forces: avg=102.715ms, total=102715.107ms
vectorized_update_velocities: avg=0.036ms, total=36.331ms
vectorized_update_positions: avg=0.006ms, total=6.371ms

============================================================
FINAL COMPARISON
============================================================
Nested loops:  14762.007 seconds
Vectorized:    102.781 seconds
Speedup:       143.63x faster
============================================================
